<?xml version="1.0" encoding="UTF-8"?>
<testsuite name="com.example.mybetslip.IosGreetingTest" tests="1" skipped="0" failures="0" errors="0" timestamp="2023-02-14T08:21:20" hostname="L01574.local" time="0.009">
  <properties/>
  <testcase name="testExample[iosSimulatorArm64]" classname="com.example.mybetslip.IosGreetingTest" time="0.009"/>
  <system-out><![CDATA[Hello, iOS 16.2!
]]></system-out>
  <system-err><![CDATA[]]></system-err>
</testsuite>
