<?xml version="1.0" encoding="UTF-8"?>
<testsuite name="com.example.mybetslip.AndroidGreetingTest" tests="1" skipped="0" failures="0" errors="0" timestamp="2023-02-13T17:38:36" hostname="L01574.local" time="0.009">
  <properties/>
  <testcase name="testExample" classname="com.example.mybetslip.AndroidGreetingTest" time="0.009"/>
  <system-out><![CDATA[]]></system-out>
  <system-err><![CDATA[]]></system-err>
</testsuite>
